android/app/build/intermediates/manifest_merge_blame_file/release/manifest-merger-blame-release-report.txt
1<?xml version="1.0" encoding="utf-8"?>
2<manifest xmlns:android="http://schemas.android.com/apk/res/android"
3    package="com.weatherapp.pure"
4    android:versionCode="20015"
5    android:versionName="2.0.15" >
6
7    <uses-sdk
8        android:minSdkVersion="22"
9        android:targetSdkVersion="33" />
10
11    <!-- Permissions -->
12
13    <uses-permission android:name="android.permission.INTERNET" />
13-->src/main/AndroidManifest.xml:45:5-67
13-->src/main/AndroidManifest.xml:45:22-64
14    <uses-permission android:name="android.permission.ACCESS_COARSE_LOCATION" />
14-->src/main/AndroidManifest.xml:46:5-81
14-->src/main/AndroidManifest.xml:46:22-78
15    <uses-permission android:name="android.permission.ACCESS_FINE_LOCATION" />
15-->src/main/AndroidManifest.xml:47:5-79
15-->src/main/AndroidManifest.xml:47:22-76
16
17    <uses-feature android:name="android.hardware.location.gps" />
17-->src/main/AndroidManifest.xml:48:5-66
17-->src/main/AndroidManifest.xml:48:19-63
18
19    <uses-permission android:name="android.permission.VIBRATE" />
19-->[:capacitor-haptics] AndroidManifest.xml:7:5-66
19-->[:capacitor-haptics] AndroidManifest.xml:7:22-63
20
21    <permission
21-->[androidx.core:core:1.10.0] AndroidManifest.xml:22:5-24:47
22        android:name="com.weatherapp.pure.DYNAMIC_RECEIVER_NOT_EXPORTED_PERMISSION"
22-->[androidx.core:core:1.10.0] AndroidManifest.xml:23:9-81
23        android:protectionLevel="signature" />
23-->[androidx.core:core:1.10.0] AndroidManifest.xml:24:9-44
24
25    <uses-permission android:name="com.weatherapp.pure.DYNAMIC_RECEIVER_NOT_EXPORTED_PERMISSION" />
25-->[androidx.core:core:1.10.0] AndroidManifest.xml:26:5-97
25-->[androidx.core:core:1.10.0] AndroidManifest.xml:26:22-94
26
27    <application
27-->src/main/AndroidManifest.xml:5:5-41:19
28        android:allowBackup="true"
28-->src/main/AndroidManifest.xml:6:9-35
29        android:appComponentFactory="androidx.core.app.CoreComponentFactory"
29-->[androidx.core:core:1.10.0] AndroidManifest.xml:28:18-86
30        android:extractNativeLibs="true"
31        android:icon="@mipmap/ic_launcher"
31-->src/main/AndroidManifest.xml:7:9-43
32        android:label="@string/app_name"
32-->src/main/AndroidManifest.xml:8:9-41
33        android:roundIcon="@mipmap/ic_launcher_round"
33-->src/main/AndroidManifest.xml:9:9-54
34        android:supportsRtl="true"
34-->src/main/AndroidManifest.xml:10:9-35
35        android:theme="@style/AppTheme" >
35-->src/main/AndroidManifest.xml:11:9-40
36        <activity
36-->src/main/AndroidManifest.xml:13:9-30:20
37            android:name="io.ionic.starter.MainActivity"
37-->src/main/AndroidManifest.xml:17:13-57
38            android:configChanges="orientation|keyboardHidden|keyboard|screenSize|locale|smallestScreenSize|screenLayout|uiMode"
38-->src/main/AndroidManifest.xml:16:13-129
39            android:exported="true"
39-->src/main/AndroidManifest.xml:14:13-36
40            android:label="@string/title_activity_main"
40-->src/main/AndroidManifest.xml:18:13-56
41            android:launchMode="singleTask"
41-->src/main/AndroidManifest.xml:20:13-44
42            android:screenOrientation="portrait"
42-->src/main/AndroidManifest.xml:15:13-49
43            android:theme="@style/AppTheme.NoActionBarLaunch" >
43-->src/main/AndroidManifest.xml:19:13-62
44            <intent-filter>
44-->src/main/AndroidManifest.xml:25:13-28:29
45                <action android:name="android.intent.action.MAIN" />
45-->src/main/AndroidManifest.xml:26:17-69
45-->src/main/AndroidManifest.xml:26:25-66
46
47                <category android:name="android.intent.category.LAUNCHER" />
47-->src/main/AndroidManifest.xml:27:17-77
47-->src/main/AndroidManifest.xml:27:27-74
48            </intent-filter>
49        </activity>
50
51        <provider
52            android:name="androidx.core.content.FileProvider"
52-->src/main/AndroidManifest.xml:33:13-62
53            android:authorities="com.weatherapp.pure.fileprovider"
53-->src/main/AndroidManifest.xml:34:13-64
54            android:exported="false"
54-->src/main/AndroidManifest.xml:35:13-37
55            android:grantUriPermissions="true" >
55-->src/main/AndroidManifest.xml:36:13-47
56            <meta-data
56-->src/main/AndroidManifest.xml:37:13-39:64
57                android:name="android.support.FILE_PROVIDER_PATHS"
57-->src/main/AndroidManifest.xml:38:17-67
58                android:resource="@xml/file_paths" />
58-->src/main/AndroidManifest.xml:39:17-51
59        </provider>
60
61        <activity
61-->[com.google.android.gms:play-services-base:18.1.0] AndroidManifest.xml:20:9-22:45
62            android:name="com.google.android.gms.common.api.GoogleApiActivity"
62-->[com.google.android.gms:play-services-base:18.1.0] AndroidManifest.xml:20:19-85
63            android:exported="false"
63-->[com.google.android.gms:play-services-base:18.1.0] AndroidManifest.xml:22:19-43
64            android:theme="@android:style/Theme.Translucent.NoTitleBar" />
64-->[com.google.android.gms:play-services-base:18.1.0] AndroidManifest.xml:21:19-78
65
66        <meta-data
66-->[com.google.android.gms:play-services-basement:18.1.0] AndroidManifest.xml:21:9-23:69
67            android:name="com.google.android.gms.version"
67-->[com.google.android.gms:play-services-basement:18.1.0] AndroidManifest.xml:22:13-58
68            android:value="@integer/google_play_services_version" />
68-->[com.google.android.gms:play-services-basement:18.1.0] AndroidManifest.xml:23:13-66
69
70        <provider
70-->[androidx.emoji2:emoji2:1.2.0] AndroidManifest.xml:24:9-32:20
71            android:name="androidx.startup.InitializationProvider"
71-->[androidx.emoji2:emoji2:1.2.0] AndroidManifest.xml:25:13-67
72            android:authorities="com.weatherapp.pure.androidx-startup"
72-->[androidx.emoji2:emoji2:1.2.0] AndroidManifest.xml:26:13-68
73            android:exported="false" >
73-->[androidx.emoji2:emoji2:1.2.0] AndroidManifest.xml:27:13-37
74            <meta-data
74-->[androidx.emoji2:emoji2:1.2.0] AndroidManifest.xml:29:13-31:52
75                android:name="androidx.emoji2.text.EmojiCompatInitializer"
75-->[androidx.emoji2:emoji2:1.2.0] AndroidManifest.xml:30:17-75
76                android:value="androidx.startup" />
76-->[androidx.emoji2:emoji2:1.2.0] AndroidManifest.xml:31:17-49
77            <meta-data
77-->[androidx.lifecycle:lifecycle-process:2.6.1] AndroidManifest.xml:29:13-31:52
78                android:name="androidx.lifecycle.ProcessLifecycleInitializer"
78-->[androidx.lifecycle:lifecycle-process:2.6.1] AndroidManifest.xml:30:17-78
79                android:value="androidx.startup" />
79-->[androidx.lifecycle:lifecycle-process:2.6.1] AndroidManifest.xml:31:17-49
80            <meta-data
80-->[androidx.profileinstaller:profileinstaller:1.3.0] AndroidManifest.xml:29:13-31:52
81                android:name="androidx.profileinstaller.ProfileInstallerInitializer"
81-->[androidx.profileinstaller:profileinstaller:1.3.0] AndroidManifest.xml:30:17-85
82                android:value="androidx.startup" />
82-->[androidx.profileinstaller:profileinstaller:1.3.0] AndroidManifest.xml:31:17-49
83        </provider>
84
85        <receiver
85-->[androidx.profileinstaller:profileinstaller:1.3.0] AndroidManifest.xml:34:9-52:20
86            android:name="androidx.profileinstaller.ProfileInstallReceiver"
86-->[androidx.profileinstaller:profileinstaller:1.3.0] AndroidManifest.xml:35:13-76
87            android:directBootAware="false"
87-->[androidx.profileinstaller:profileinstaller:1.3.0] AndroidManifest.xml:36:13-44
88            android:enabled="true"
88-->[androidx.profileinstaller:profileinstaller:1.3.0] AndroidManifest.xml:37:13-35
89            android:exported="true"
89-->[androidx.profileinstaller:profileinstaller:1.3.0] AndroidManifest.xml:38:13-36
90            android:permission="android.permission.DUMP" >
90-->[androidx.profileinstaller:profileinstaller:1.3.0] AndroidManifest.xml:39:13-57
91            <intent-filter>
91-->[androidx.profileinstaller:profileinstaller:1.3.0] AndroidManifest.xml:40:13-42:29
92                <action android:name="androidx.profileinstaller.action.INSTALL_PROFILE" />
92-->[androidx.profileinstaller:profileinstaller:1.3.0] AndroidManifest.xml:41:17-91
92-->[androidx.profileinstaller:profileinstaller:1.3.0] AndroidManifest.xml:41:25-88
93            </intent-filter>
94            <intent-filter>
94-->[androidx.profileinstaller:profileinstaller:1.3.0] AndroidManifest.xml:43:13-45:29
95                <action android:name="androidx.profileinstaller.action.SKIP_FILE" />
95-->[androidx.profileinstaller:profileinstaller:1.3.0] AndroidManifest.xml:44:17-85
95-->[androidx.profileinstaller:profileinstaller:1.3.0] AndroidManifest.xml:44:25-82
96            </intent-filter>
97            <intent-filter>
97-->[androidx.profileinstaller:profileinstaller:1.3.0] AndroidManifest.xml:46:13-48:29
98                <action android:name="androidx.profileinstaller.action.SAVE_PROFILE" />
98-->[androidx.profileinstaller:profileinstaller:1.3.0] AndroidManifest.xml:47:17-88
98-->[androidx.profileinstaller:profileinstaller:1.3.0] AndroidManifest.xml:47:25-85
99            </intent-filter>
100            <intent-filter>
100-->[androidx.profileinstaller:profileinstaller:1.3.0] AndroidManifest.xml:49:13-51:29
101                <action android:name="androidx.profileinstaller.action.BENCHMARK_OPERATION" />
101-->[androidx.profileinstaller:profileinstaller:1.3.0] AndroidManifest.xml:50:17-95
101-->[androidx.profileinstaller:profileinstaller:1.3.0] AndroidManifest.xml:50:25-92
102            </intent-filter>
103        </receiver>
104    </application>
105
106</manifest>